TN:
SF:src\App.tsx
FN:1,App
FNF:1
FNH:0
FNDA:0,App
DA:2,0
DA:5,0
LF:2
LH:0
BRF:0
BRH:0
end_of_record
TN:
SF:src\GlobalStyle.ts
FNF:0
FNH:0
DA:1,0
DA:3,0
LF:2
LH:0
BRF:0
BRH:0
end_of_record
TN:
SF:src\main.tsx
FNF:0
FNH:0
DA:1,0
DA:2,0
DA:3,0
DA:4,0
DA:5,0
DA:6,0
DA:7,0
DA:8,0
DA:9,0
DA:10,0
DA:11,0
DA:13,0
DA:15,0
LF:13
LH:0
BRF:0
BRH:0
end_of_record
TN:
SF:src\vite-env.d.ts
FNF:0
FNH:0
LF:0
LH:0
BRF:0
BRH:0
end_of_record
TN:
SF:src\components\Cart\Cart.tsx
FN:15,Cart
FN:29,(anonymous_2)
FN:35,(anonymous_3)
FN:39,(anonymous_4)
FN:47,(anonymous_5)
FN:52,(anonymous_6)
FN:59,(anonymous_7)
FN:76,(anonymous_8)
FN:80,(anonymous_9)
FN:81,(anonymous_10)
FNF:10
FNH:6
FNDA:7,Cart
FNDA:6,(anonymous_2)
FNDA:0,(anonymous_3)
FNDA:0,(anonymous_4)
FNDA:1,(anonymous_5)
FNDA:0,(anonymous_6)
FNDA:0,(anonymous_7)
FNDA:12,(anonymous_8)
FNDA:1,(anonymous_9)
FNDA:1,(anonymous_10)
DA:1,1
DA:2,1
DA:3,1
DA:4,1
DA:5,1
DA:6,1
DA:7,1
DA:8,1
DA:9,1
DA:10,1
DA:11,1
DA:12,1
DA:13,1
DA:16,7
DA:17,7
DA:18,7
DA:27,7
DA:29,7
DA:30,6
DA:31,0
DA:35,7
DA:36,0
DA:39,0
DA:44,0
DA:47,7
DA:48,1
DA:49,1
DA:52,7
DA:53,0
DA:54,0
DA:56,0
DA:59,7
DA:60,0
DA:63,7
DA:64,0
DA:67,7
DA:77,12
DA:80,1
DA:81,1
DA:108,1
LF:40
LH:31
BRDA:30,0,0,0
BRDA:53,1,0,0
BRDA:63,2,0,0
BRDA:71,3,0,7
BRDA:71,3,1,0
BRDA:74,4,0,7
BRDA:74,4,1,6
BRDA:74,4,2,6
BRDA:86,5,0,7
BRDA:86,5,1,1
BRDA:96,6,0,6
BRDA:96,6,1,1
BRDA:102,7,0,1
BRDA:102,7,1,1
BRF:14
BRH:10
end_of_record
TN:
SF:src\components\Login\Login.style.ts
FNF:0
FNH:0
DA:1,1
DA:3,1
DA:11,1
DA:19,1
DA:23,1
DA:28,1
DA:43,1
LF:7
LH:7
BRF:0
BRH:0
end_of_record
TN:
SF:src\components\Login\Login.tsx
FN:16,(anonymous_1)
FN:27,(anonymous_2)
FN:48,(anonymous_3)
FN:59,(anonymous_4)
FNF:4
FNH:4
FNDA:8,(anonymous_1)
FNDA:2,(anonymous_2)
FNDA:1,(anonymous_3)
FNDA:1,(anonymous_4)
DA:1,1
DA:2,1
DA:3,1
DA:4,1
DA:5,1
DA:6,1
DA:14,1
DA:16,1
DA:17,8
DA:18,8
DA:19,8
DA:20,8
DA:22,8
DA:23,8
DA:25,8
DA:27,8
DA:28,2
DA:29,2
DA:30,2
DA:31,2
DA:32,1
DA:33,1
DA:34,1
DA:38,8
DA:48,1
DA:59,1
DA:68,1
LF:27
LH:27
BRDA:25,0,0,8
BRDA:25,0,1,8
BRDA:31,1,0,1
BRDA:51,2,0,8
BRDA:51,2,1,1
BRDA:61,3,0,8
BRDA:61,3,1,1
BRF:7
BRH:7
end_of_record
TN:
SF:src\components\utils\formValidator.ts
FN:3,(anonymous_0)
FNF:1
FNH:1
FNDA:2,(anonymous_0)
DA:1,1
DA:3,1
DA:4,2
DA:5,2
DA:6,1
DA:7,1
DA:8,0
DA:11,2
DA:12,1
DA:13,1
DA:14,0
DA:17,2
LF:12
LH:10
BRDA:5,0,0,1
BRDA:5,0,1,1
BRDA:7,1,0,0
BRDA:11,2,0,1
BRDA:11,2,1,1
BRDA:13,3,0,0
BRF:6
BRH:4
end_of_record
TN:
SF:src\contexts\AuthContext\AuthContext.tsx
FN:17,(anonymous_0)
FN:20,(anonymous_1)
FN:27,(anonymous_2)
FN:34,(anonymous_3)
FNF:4
FNH:4
FNDA:6,(anonymous_0)
FNDA:4,(anonymous_1)
FNDA:1,(anonymous_2)
FNDA:1,(anonymous_3)
DA:1,2
DA:15,2
DA:17,2
DA:20,6
DA:21,4
DA:24,4
DA:27,6
DA:28,1
DA:29,1
DA:30,1
DA:34,6
DA:35,1
DA:36,1
DA:38,6
LF:14
LH:14
BRDA:21,0,0,2
BRDA:21,0,1,2
BRDA:24,1,0,2
BRDA:24,1,1,2
BRDA:28,2,0,1
BRF:5
BRH:5
end_of_record
TN:
SF:src\contexts\CartContext\CartContext.tsx
FN:24,(anonymous_9)
FN:36,(anonymous_10)
FN:47,(anonymous_11)
FN:55,(anonymous_12)
FN:61,(anonymous_13)
FN:62,(anonymous_14)
FN:63,(anonymous_15)
FN:65,(anonymous_16)
FN:76,(anonymous_17)
FN:77,(anonymous_18)
FN:77,(anonymous_19)
FN:80,(anonymous_20)
FN:81,(anonymous_21)
FN:82,(anonymous_22)
FN:90,(anonymous_23)
FN:91,(anonymous_24)
FNF:16
FNH:0
FNDA:0,(anonymous_9)
FNDA:0,(anonymous_10)
FNDA:0,(anonymous_11)
FNDA:0,(anonymous_12)
FNDA:0,(anonymous_13)
FNDA:0,(anonymous_14)
FNDA:0,(anonymous_15)
FNDA:0,(anonymous_16)
FNDA:0,(anonymous_17)
FNDA:0,(anonymous_18)
FNDA:0,(anonymous_19)
FNDA:0,(anonymous_20)
FNDA:0,(anonymous_21)
FNDA:0,(anonymous_22)
FNDA:0,(anonymous_23)
FNDA:0,(anonymous_24)
DA:1,1
DA:2,1
DA:5,1
DA:18,1
DA:24,1
DA:27,0
DA:28,0
DA:34,0
DA:36,0
DA:45,0
DA:48,0
DA:52,0
DA:53,0
DA:55,0
DA:56,0
DA:57,0
DA:61,0
DA:62,0
DA:63,0
DA:64,0
DA:65,0
DA:66,0
DA:71,0
DA:76,0
DA:77,0
DA:80,0
DA:81,0
DA:82,0
DA:83,0
DA:90,0
DA:91,0
DA:94,0
LF:32
LH:5
BRDA:48,0,0,0
BRDA:48,0,1,0
BRDA:49,1,0,0
BRDA:49,1,1,0
BRDA:52,2,0,0
BRDA:52,2,1,0
BRDA:53,3,0,0
BRDA:53,3,1,0
BRDA:56,4,0,0
BRDA:64,5,0,0
BRDA:64,5,1,0
BRDA:66,6,0,0
BRDA:66,6,1,0
BRDA:83,7,0,0
BRDA:83,7,1,0
BRDA:83,8,0,0
BRDA:83,8,1,0
BRF:17
BRH:0
end_of_record
TN:
SF:src\lib\constants.ts
FNF:0
FNH:0
DA:1,7
DA:13,7
DA:18,7
DA:26,7
DA:31,7
DA:35,7
DA:40,7
DA:44,7
LF:8
LH:8
BRF:0
BRH:0
end_of_record
TN:
SF:src\lib\components\BottomBar\BottomBar.style.ts
FNF:0
FNH:0
DA:1,2
DA:3,2
DA:20,2
LF:3
LH:3
BRF:0
BRH:0
end_of_record
TN:
SF:src\lib\components\BottomBar\BottomBar.tsx
FN:10,(anonymous_0)
FNF:1
FNH:1
FNDA:8,(anonymous_0)
DA:1,2
DA:2,2
DA:3,2
DA:4,2
DA:10,2
DA:13,8
DA:25,2
LF:7
LH:7
BRF:0
BRH:0
end_of_record
TN:
SF:src\lib\components\Card\Card.style.ts
FNF:0
FNH:0
DA:1,2
DA:3,2
DA:16,2
DA:22,2
DA:40,2
DA:47,2
DA:53,2
DA:60,2
LF:8
LH:8
BRF:0
BRH:0
end_of_record
TN:
SF:src\lib\components\Card\Card.tsx
FN:25,(anonymous_0)
FN:35,(anonymous_1)
FN:54,(anonymous_2)
FN:63,(anonymous_3)
FN:75,(anonymous_4)
FN:75,(anonymous_5)
FN:76,(anonymous_6)
FNF:7
FNH:2
FNDA:17,(anonymous_0)
FNDA:0,(anonymous_1)
FNDA:0,(anonymous_2)
FNDA:0,(anonymous_3)
FNDA:0,(anonymous_4)
FNDA:0,(anonymous_5)
FNDA:2,(anonymous_6)
DA:2,2
DA:3,2
DA:12,2
DA:13,2
DA:25,2
DA:35,17
DA:39,0
DA:40,0
DA:41,0
DA:45,17
DA:54,0
DA:63,0
DA:75,0
DA:76,2
DA:86,2
LF:15
LH:9
BRDA:39,0,0,0
BRDA:39,1,0,0
BRDA:39,1,1,0
BRF:3
BRH:0
end_of_record
TN:
SF:src\lib\components\ConfirmModal\ConfirmModal.style.ts
FNF:0
FNH:0
DA:1,2
DA:3,2
DA:16,2
DA:24,2
DA:29,2
LF:5
LH:5
BRF:0
BRH:0
end_of_record
TN:
SF:src\lib\components\ConfirmModal\ConfirmModal.tsx
FN:18,(anonymous_9)
FN:27,(anonymous_10)
FN:30,(anonymous_11)
FN:43,(anonymous_12)
FNF:4
FNH:4
FNDA:6,(anonymous_9)
FNDA:6,(anonymous_10)
FNDA:2,(anonymous_11)
FNDA:6,(anonymous_12)
DA:1,2
DA:2,2
DA:8,2
DA:9,2
DA:18,2
DA:24,6
DA:25,6
DA:27,6
DA:28,6
DA:30,6
DA:31,2
DA:32,2
DA:33,1
DA:34,1
DA:35,1
DA:36,1
DA:37,1
DA:42,6
DA:43,6
DA:44,6
DA:48,6
DA:70,2
LF:22
LH:22
BRDA:31,0,0,2
BRDA:32,1,0,1
BRDA:32,1,1,1
BRDA:32,2,0,2
BRDA:32,2,1,1
BRDA:35,3,0,1
BRDA:35,4,0,1
BRDA:35,4,1,1
BRF:8
BRH:8
end_of_record
TN:
SF:src\lib\components\EmptyCart\EmptyCart..style.ts
FNF:0
FNH:0
DA:1,2
DA:3,2
LF:2
LH:2
BRF:0
BRH:0
end_of_record
TN:
SF:src\lib\components\EmptyCart\EmptyCart.tsx
FN:8,(anonymous_1)
FN:11,(anonymous_2)
FNF:2
FNH:2
FNDA:4,(anonymous_1)
FNDA:1,(anonymous_2)
DA:2,2
DA:3,2
DA:4,2
DA:5,2
DA:6,2
DA:8,2
DA:9,4
DA:11,4
DA:12,1
DA:14,4
DA:26,2
LF:11
LH:11
BRF:0
BRH:0
end_of_record
TN:
SF:src\lib\components\ErrorFallback\ErrorFallback.style.ts
FNF:0
FNH:0
DA:1,1
DA:3,1
LF:2
LH:2
BRF:0
BRH:0
end_of_record
TN:
SF:src\lib\components\ErrorFallback\ErrorFallback.tsx
FN:11,(anonymous_0)
FNF:1
FNH:1
FNDA:2,(anonymous_0)
DA:2,1
DA:3,1
DA:4,1
DA:5,1
DA:11,1
DA:15,2
DA:26,1
LF:7
LH:7
BRF:0
BRH:0
end_of_record
TN:
SF:src\lib\components\Loader\Loader.style.ts
FNF:0
FNH:0
DA:1,1
DA:2,1
DA:11,1
DA:24,1
LF:4
LH:4
BRF:0
BRH:0
end_of_record
TN:
SF:src\lib\components\Loader\Loader.tsx
FN:4,(anonymous_0)
FNF:1
FNH:0
FNDA:0,(anonymous_0)
DA:2,1
DA:4,1
DA:5,0
DA:12,1
LF:4
LH:3
BRF:0
BRH:0
end_of_record
TN:
SF:src\lib\components\Navbar\Navbar.style.ts
FNF:0
FNH:0
DA:1,0
DA:2,0
DA:4,0
DA:16,0
DA:21,0
DA:25,0
LF:6
LH:0
BRF:0
BRH:0
end_of_record
TN:
SF:src\lib\components\Navbar\Navbar.tsx
FN:11,(anonymous_1)
FN:15,(anonymous_2)
FNF:2
FNH:0
FNDA:0,(anonymous_1)
FNDA:0,(anonymous_2)
DA:2,0
DA:3,0
DA:4,0
DA:11,0
DA:12,0
DA:13,0
DA:15,0
DA:16,0
DA:29,0
DA:43,0
LF:10
LH:0
BRDA:19,0,0,0
BRDA:19,0,1,0
BRDA:30,1,0,0
BRDA:30,1,1,0
BRF:4
BRH:0
end_of_record
TN:
SF:src\lib\hooks\useAuth.ts
FN:4,(anonymous_0)
FNF:1
FNH:0
FNDA:0,(anonymous_0)
DA:1,1
DA:2,1
DA:4,1
DA:5,0
DA:6,0
DA:7,0
DA:9,0
DA:12,1
LF:8
LH:4
BRDA:6,0,0,0
BRF:1
BRH:0
end_of_record
TN:
SF:src\lib\hooks\useAxios.ts
FN:3,(anonymous_1)
FNF:1
FNH:0
FNDA:0,(anonymous_1)
DA:1,2
DA:3,2
DA:8,0
DA:13,0
DA:16,2
LF:5
LH:3
BRDA:5,0,0,0
BRF:1
BRH:0
end_of_record
TN:
SF:src\lib\hooks\useCart.tsx
FN:4,(anonymous_0)
FNF:1
FNH:0
FNDA:0,(anonymous_0)
DA:1,1
DA:2,1
DA:4,1
DA:5,0
DA:6,0
DA:7,0
DA:9,0
LF:7
LH:3
BRDA:6,0,0,0
BRF:1
BRH:0
end_of_record
TN:
SF:src\lib\mappers\cartMapper.ts
FN:3,(anonymous_0)
FN:4,(anonymous_1)
FNF:2
FNH:2
FNDA:2,(anonymous_0)
FNDA:2,(anonymous_1)
DA:3,3
DA:4,2
LF:2
LH:2
BRF:0
BRH:0
end_of_record
TN:
SF:src\lib\mappers\productMapper.ts
FN:4,(anonymous_0)
FN:8,(anonymous_1)
FNF:2
FNH:2
FNDA:3,(anonymous_0)
FNDA:4,(anonymous_1)
DA:4,3
DA:8,3
DA:9,4
DA:10,3
DA:18,1
LF:5
LH:5
BRDA:9,0,0,3
BRDA:9,0,1,1
BRF:2
BRH:2
end_of_record
TN:
SF:src\lib\services\api.ts
FNF:0
FNH:0
DA:1,2
DA:3,2
DA:5,2
DA:12,2
LF:4
LH:4
BRF:0
BRH:0
end_of_record
TN:
SF:src\lib\services\cartEndpoints.ts
FN:2,(anonymous_0)
FN:3,(anonymous_1)
FNF:2
FNH:2
FNDA:4,(anonymous_0)
FNDA:4,(anonymous_1)
DA:1,2
DA:2,4
DA:3,4
LF:3
LH:3
BRF:0
BRH:0
end_of_record
TN:
SF:src\lib\services\cartService.ts
FN:8,(anonymous_1)
FN:13,(anonymous_2)
FN:17,(anonymous_3)
FN:18,(anonymous_4)
FNF:4
FNH:2
FNDA:2,(anonymous_1)
FNDA:2,(anonymous_2)
FNDA:0,(anonymous_3)
FNDA:0,(anonymous_4)
DA:3,2
DA:4,2
DA:5,2
DA:6,2
DA:8,2
DA:9,2
DA:10,1
DA:13,2
DA:14,2
DA:17,2
DA:18,0
DA:19,0
DA:21,0
DA:23,0
LF:14
LH:10
BRF:0
BRH:0
end_of_record
TN:
SF:src\lib\styles\Button.style.ts
FN:13,(anonymous_0)
FN:21,(anonymous_1)
FNF:2
FNH:2
FNDA:85,(anonymous_0)
FNDA:85,(anonymous_1)
DA:1,7
DA:10,7
DA:13,85
DA:22,85
DA:24,46
DA:26,8
DA:28,6
DA:30,0
DA:32,25
LF:9
LH:8
BRDA:13,0,0,25
BRDA:13,0,1,60
BRDA:22,1,0,46
BRDA:22,1,1,8
BRDA:22,1,2,6
BRDA:22,1,3,0
BRDA:22,1,4,25
BRF:7
BRH:6
end_of_record
TN:
SF:src\lib\styles\Error.style.ts
FNF:0
FNH:0
DA:1,2
DA:3,2
LF:2
LH:2
BRF:0
BRH:0
end_of_record
TN:
SF:src\lib\styles\Grid.style.ts
FN:27,(anonymous_0)
FNF:1
FNH:1
FNDA:7,(anonymous_0)
DA:1,1
DA:3,1
DA:15,1
DA:26,1
DA:28,7
LF:5
LH:5
BRDA:28,0,0,7
BRDA:28,0,1,0
BRF:2
BRH:1
end_of_record
TN:
SF:src\lib\utils\errorFormatter.ts
FN:3,(anonymous_0)
FNF:1
FNH:0
FNDA:0,(anonymous_0)
DA:1,1
DA:3,1
DA:4,0
DA:6,0
DA:8,0
DA:10,0
DA:12,0
DA:14,0
LF:8
LH:2
BRDA:4,0,0,0
BRDA:4,0,1,0
BRDA:4,0,2,0
BRDA:4,0,3,0
BRDA:4,0,4,0
BRF:5
BRH:0
end_of_record
TN:
SF:src\lib\utils\priceFormatter.ts
FN:7,(anonymous_0)
FNF:1
FNH:1
FNDA:25,(anonymous_0)
DA:1,3
DA:7,3
DA:8,25
DA:9,25
LF:4
LH:4
BRF:0
BRH:0
end_of_record
TN:
SF:src\routes\AppRoutes.tsx
FN:7,(anonymous_10)
FN:7,(anonymous_11)
FN:9,(anonymous_12)
FNF:3
FNH:0
FNDA:0,(anonymous_10)
FNDA:0,(anonymous_11)
FNDA:0,(anonymous_12)
DA:1,0
DA:2,0
DA:3,0
DA:4,0
DA:5,0
DA:6,0
DA:7,0
DA:9,0
DA:10,0
DA:11,0
DA:12,0
DA:40,0
LF:12
LH:0
BRF:0
BRH:0
end_of_record
TN:
SF:src\routes\ProtectedRoute.tsx
FN:4,(anonymous_1)
FNF:1
FNH:0
FNDA:0,(anonymous_1)
DA:1,0
DA:2,0
DA:4,0
DA:7,0
DA:8,0
DA:10,0
DA:11,0
DA:14,0
LF:8
LH:0
BRDA:10,0,0,0
BRF:1
BRH:0
end_of_record
